<?xml version="1.0" encoding="UTF-8"?>
<testsuite name="check R version" skipped="0" failures="0" errors="0" tests="1" assertions="1" time="0.1727462060000562">
  <testcase name="test_0001_check R version" classname="check R version" assertions="1" time="0.1727462060000562">
  </testcase>
</testsuite>
